[debug] [2022-06-25T15:48:10.172Z] ----------------------------------------------------------------------
[debug] [2022-06-25T15:48:10.173Z] Command:       C:\Program Files\nodejs\node.exe C:\Users\Usuario\AppData\Roaming\npm\node_modules\firebase-tools\lib\bin\firebase.js init
[debug] [2022-06-25T15:48:10.174Z] CLI Version:   11.1.0
[debug] [2022-06-25T15:48:10.174Z] Platform:      win32
[debug] [2022-06-25T15:48:10.174Z] Node Version:  v16.15.1
[debug] [2022-06-25T15:48:10.174Z] Time:          Sat Jun 25 2022 09:48:10 GMT-0600 (hora de verano del Pacífico de México)
[debug] [2022-06-25T15:48:10.175Z] ----------------------------------------------------------------------
[debug] 
[debug] [2022-06-25T15:48:10.180Z] > command requires scopes: ["email","openid","https://www.googleapis.com/auth/cloudplatformprojects.readonly","https://www.googleapis.com/auth/firebase","https://www.googleapis.com/auth/cloud-platform"]
[debug] [2022-06-25T15:48:10.181Z] > authorizing via signed-in user (burgosisaac409@gmail.com)
[info] 
     ######## #### ########  ######## ########     ###     ######  ########
     ##        ##  ##     ## ##       ##     ##  ##   ##  ##       ##
     ######    ##  ########  ######   ########  #########  ######  ######
     ##        ##  ##    ##  ##       ##     ## ##     ##       ## ##
     ##       #### ##     ## ######## ########  ##     ##  ######  ########

You're about to initialize a Firebase project in this directory:

  C:\Users\Usuario\Downloads\Mario desert

[info] 
=== Project Setup
[info] 
[info] First, let's associate this project directory with a Firebase project.
[info] You can create multiple project aliases by running firebase use --add, 
[info] but for now we'll just set up a default project.
[info] 
[debug] [2022-06-25T15:48:35.571Z] >>> [apiv2][query] GET https://firebase.googleapis.com/v1beta1/projects pageSize=100
[debug] [2022-06-25T15:48:36.122Z] <<< [apiv2][status] GET https://firebase.googleapis.com/v1beta1/projects 200
[debug] [2022-06-25T15:48:36.123Z] <<< [apiv2][body] GET https://firebase.googleapis.com/v1beta1/projects [omitted]
[info] i  Using project mario-desert (mario-desert) 
[info] 
=== Hosting Setup
[info] 
[info] Your public directory is the folder (relative to your project directory) that
[info] will contain Hosting assets to be uploaded with firebase deploy. If you
[info] have a build process for your assets, use your build's output directory.
[info] 
[info] +  Wrote public/404.html 
[debug] [2022-06-25T15:49:39.126Z] >>> [apiv2][query] GET https://www.gstatic.com/firebasejs/releases.json [none]
[debug] [2022-06-25T15:49:40.364Z] <<< [apiv2][status] GET https://www.gstatic.com/firebasejs/releases.json 200
[debug] [2022-06-25T15:49:40.365Z] <<< [apiv2][body] GET https://www.gstatic.com/firebasejs/releases.json {"current":{"version":"9.8.4","browserURL":"https://www.gstatic.com/firebasejs/9.8.4/firebase.js","packageURL":"https://www.gstatic.com/firebasejs/9.8.4/firebase.tgz"},"live":{"version":"9.8","browserURL":"https://www.gstatic.com/firebasejs/live/9.8/firebase.js","packageURL":"https://www.gstatic.com/firebasejs/live/9.8/firebase.tgz"},"components":{"analytics":"https://www.gstatic.com/firebasejs/9.8.4/firebase-analytics.js","app":"https://www.gstatic.com/firebasejs/9.8.4/firebase-app.js","app-check":"https://www.gstatic.com/firebasejs/9.8.4/firebase-app-check.js","auth":"https://www.gstatic.com/firebasejs/9.8.4/firebase-auth.js","auth/cordova":"https://www.gstatic.com/firebasejs/9.8.4/firebase-auth/cordova.js","auth/react-native":"https://www.gstatic.com/firebasejs/9.8.4/firebase-auth/react-native.js","functions":"https://www.gstatic.com/firebasejs/9.8.4/firebase-functions.js","firestore":"https://www.gstatic.com/firebasejs/9.8.4/firebase-firestore.js","firestore/lite":"https://www.gstatic.com/firebasejs/9.8.4/firebase-firestore/lite.js","storage":"https://www.gstatic.com/firebasejs/9.8.4/firebase-storage.js","performance":"https://www.gstatic.com/firebasejs/9.8.4/firebase-performance.js","remote-config":"https://www.gstatic.com/firebasejs/9.8.4/firebase-remote-config.js","messaging":"https://www.gstatic.com/firebasejs/9.8.4/firebase-messaging.js","messaging/sw":"https://www.gstatic.com/firebasejs/9.8.4/firebase-messaging/sw.js","database":"https://www.gstatic.com/firebasejs/9.8.4/firebase-database.js","firestore.memory":"https://www.gstatic.com/firebasejs/9.8.4/firebase-firestore.memory.js"}}
[info] +  Wrote public/index.html 
[info] 
[info] i  Didn't detect a .git folder. Assuming C:\Users\Usuario\Downloads\Mario desert is the project root. 
[info] i  Authorizing with GitHub to upload your service account to a GitHub repository's secrets store. 
[info] 
[info] Visit this URL on this device to log in:
[info] https://github.com/login/oauth/authorize?client_id=89cf50f02ac6aaed3484&state=923551935&redirect_uri=http%3A%2F%2Flocalhost%3A9005&scope=read%3Auser%20repo%20public_repo
[info] 
[info] Waiting for authentication...
[debug] [2022-06-25T15:49:43.730Z] >>> [apiv2][query] POST https://github.com/login/oauth/access_token [none]
[debug] [2022-06-25T15:49:43.730Z] >>> [apiv2][body] POST https://github.com/login/oauth/access_token [stream]
[debug] [2022-06-25T15:49:44.115Z] <<< [apiv2][status] POST https://github.com/login/oauth/access_token 200
[debug] [2022-06-25T15:49:44.115Z] <<< [apiv2][body] POST https://github.com/login/oauth/access_token {"access_token":"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","token_type":"bearer","scope":"read:user,repo"}
[debug] [2022-06-25T15:49:44.120Z] >>> [apiv2][query] GET https://api.github.com/user [none]
[debug] [2022-06-25T15:49:44.470Z] <<< [apiv2][status] GET https://api.github.com/user 200
[debug] [2022-06-25T15:49:44.471Z] <<< [apiv2][body] GET https://api.github.com/user {"login":"isaacbur81345","id":106206148,"node_id":"U_kgDOBlSTxA","avatar_url":"https://avatars.githubusercontent.com/u/106206148?v=4","gravatar_id":"","url":"https://api.github.com/users/isaacbur81345","html_url":"https://github.com/isaacbur81345","followers_url":"https://api.github.com/users/isaacbur81345/followers","following_url":"https://api.github.com/users/isaacbur81345/following{/other_user}","gists_url":"https://api.github.com/users/isaacbur81345/gists{/gist_id}","starred_url":"https://api.github.com/users/isaacbur81345/starred{/owner}{/repo}","subscriptions_url":"https://api.github.com/users/isaacbur81345/subscriptions","organizations_url":"https://api.github.com/users/isaacbur81345/orgs","repos_url":"https://api.github.com/users/isaacbur81345/repos","events_url":"https://api.github.com/users/isaacbur81345/events{/privacy}","received_events_url":"https://api.github.com/users/isaacbur81345/received_events","type":"User","site_admin":false,"name":null,"company":null,"blog":"","location":null,"email":null,"hireable":null,"bio":null,"twitter_username":null,"public_repos":3,"public_gists":0,"followers":0,"following":0,"created_at":"2022-05-25T00:13:38Z","updated_at":"2022-06-25T15:12:10Z","private_gists":0,"total_private_repos":0,"owned_private_repos":0,"disk_usage":30311,"collaborators":0,"two_factor_authentication":false,"plan":{"name":"free","space":976562499,"collaborators":0,"private_repos":10000}}
[info] 
[info] +  Success! Logged into GitHub as isaacbur81345 
[info] 
